# JRE version: OpenJDK Runtime Environment (11.0.10) (build 11.0.10+0-b96-7249189)
# Java VM: OpenJDK 64-Bit Server VM (11.0.10+0-b96-7249189, mixed mode, tiered, compressed oops, g1 gc, windows-amd64)
Heap:
 garbage-first heap   total 284672K, used 188494K [0x0000000080000000, 0x0000000100000000)
  region size 1024K, 57 young (58368K), 8 survivors (8192K)
 Metaspace       used 149452K, capacity 153628K, committed 153892K, reserved 1183744K
  class space    used 17855K, capacity 19384K, committed 19456K, reserved 1048576K
GC Heap History (20 events):
Event: 11483.570 GC heap before
{Heap before GC invocations=150 (full 0):
 garbage-first heap   total 236544K, used 208760K [0x0000000080000000, 0x0000000100000000)
  region size 1024K, 26 young (26624K), 5 survivors (5120K)
 Metaspace       used 147177K, capacity 151367K, committed 151588K, reserved 1181696K
  class space    used 17609K, capacity 19107K, committed 19200K, reserved 1048576K
}
Event: 11483.578 GC heap after
{Heap after GC invocations=151 (full 0):
 garbage-first heap   total 236544K, used 170849K [0x0000000080000000, 0x0000000100000000)
  region size 1024K, 4 young (4096K), 4 survivors (4096K)
 Metaspace       used 147177K, capacity 151367K, committed 151588K, reserved 1181696K
  class space    used 17609K, capacity 19107K, committed 19200K, reserved 1048576K
}
Event: 11483.941 GC heap before
{Heap before GC invocations=152 (full 0):
 garbage-first heap   total 236544K, used 193377K [0x0000000080000000, 0x0000000100000000)
  region size 1024K, 26 young (26624K), 4 survivors (4096K)
 Metaspace       used 147197K, capacity 151367K, committed 151588K, reserved 1181696K
  class space    used 17609K, capacity 19107K, committed 19200K, reserved 1048576K
}
Event: 11483.949 GC heap after
{Heap after GC invocations=153 (full 0):
 garbage-first heap   total 236544K, used 174697K [0x0000000080000000, 0x0000000100000000)
  region size 1024K, 4 young (4096K), 4 survivors (4096K)
 Metaspace       used 147197K, capacity 151367K, committed 151588K, reserved 1181696K
  class space    used 17609K, capacity 19107K, committed 19200K, reserved 1048576K
}
Event: 11483.988 GC heap before
{Heap before GC invocations=153 (full 0):
 garbage-first heap   total 236544K, used 181865K [0x0000000080000000, 0x0000000100000000)
  region size 1024K, 11 young (11264K), 4 survivors (4096K)
 Metaspace       used 147205K, capacity 151367K, committed 151588K, reserved 1181696K
  class space    used 17609K, capacity 19107K, committed 19200K, reserved 1048576K
}
Event: 11483.996 GC heap after
{Heap after GC invocations=154 (full 0):
 garbage-first heap   total 236544K, used 176816K [0x0000000080000000, 0x0000000100000000)
  region size 1024K, 2 young (2048K), 2 survivors (2048K)
 Metaspace       used 147205K, capacity 151367K, committed 151588K, reserved 1181696K
  class space    used 17609K, capacity 19107K, committed 19200K, reserved 1048576K
}
Event: 11484.251 GC heap before
{Heap before GC invocations=154 (full 0):
 garbage-first heap   total 236544K, used 197296K [0x0000000080000000, 0x0000000100000000)
  region size 1024K, 22 young (22528K), 2 survivors (2048K)
 Metaspace       used 147231K, capacity 151367K, committed 151588K, reserved 1181696K
  class space    used 17609K, capacity 19107K, committed 19200K, reserved 1048576K
}
Event: 11484.257 GC heap after
{Heap after GC invocations=155 (full 0):
 garbage-first heap   total 284672K, used 178348K [0x0000000080000000, 0x0000000100000000)
  region size 1024K, 2 young (2048K), 2 survivors (2048K)
 Metaspace       used 147231K, capacity 151367K, committed 151588K, reserved 1181696K
  class space    used 17609K, capacity 19107K, committed 19200K, reserved 1048576K
}
Event: 11484.819 GC heap before
{Heap before GC invocations=156 (full 0):
 garbage-first heap   total 284672K, used 193908K [0x0000000080000000, 0x0000000100000000)
  region size 1024K, 40 young (40960K), 2 survivors (2048K)
 Metaspace       used 147388K, capacity 151567K, committed 151844K, reserved 1181696K
  class space    used 17618K, capacity 19108K, committed 19200K, reserved 1048576K
}
Event: 11484.823 GC heap after
{Heap after GC invocations=157 (full 0):
 garbage-first heap   total 284672K, used 154779K [0x0000000080000000, 0x0000000100000000)
  region size 1024K, 2 young (2048K), 2 survivors (2048K)
 Metaspace       used 147388K, capacity 151567K, committed 151844K, reserved 1181696K
  class space    used 17618K, capacity 19108K, committed 19200K, reserved 1048576K
}
Event: 11484.904 GC heap before
{Heap before GC invocations=157 (full 0):
 garbage-first heap   total 284672K, used 165019K [0x0000000080000000, 0x0000000100000000)
  region size 1024K, 13 young (13312K), 2 survivors (2048K)
 Metaspace       used 147394K, capacity 151567K, committed 151844K, reserved 1181696K
  class space    used 17618K, capacity 19108K, committed 19200K, reserved 1048576K
}
Event: 11484.914 GC heap after
{Heap after GC invocations=158 (full 0):
 garbage-first heap   total 284672K, used 133666K [0x0000000080000000, 0x0000000100000000)
  region size 1024K, 1 young (1024K), 1 survivors (1024K)
 Metaspace       used 147394K, capacity 151567K, committed 151844K, reserved 1181696K
  class space    used 17618K, capacity 19108K, committed 19200K, reserved 1048576K
}
Event: 11485.846 GC heap before
{Heap before GC invocations=158 (full 0):
 garbage-first heap   total 284672K, used 197154K [0x0000000080000000, 0x0000000100000000)
  region size 1024K, 64 young (65536K), 1 survivors (1024K)
 Metaspace       used 148182K, capacity 152305K, committed 152356K, reserved 1183744K
  class space    used 17705K, capacity 19183K, committed 19200K, reserved 1048576K
}
Event: 11485.851 GC heap after
{Heap after GC invocations=159 (full 0):
 garbage-first heap   total 284672K, used 134098K [0x0000000080000000, 0x0000000100000000)
  region size 1024K, 2 young (2048K), 2 survivors (2048K)
 Metaspace       used 148182K, capacity 152305K, committed 152356K, reserved 1183744K
  class space    used 17705K, capacity 19183K, committed 19200K, reserved 1048576K
}
Event: 11486.406 GC heap before
{Heap before GC invocations=160 (full 0):
 garbage-first heap   total 284672K, used 202706K [0x0000000080000000, 0x0000000100000000)
  region size 1024K, 70 young (71680K), 2 survivors (2048K)
 Metaspace       used 148363K, capacity 152543K, committed 152740K, reserved 1183744K
  class space    used 17720K, capacity 19219K, committed 19328K, reserved 1048576K
}
Event: 11486.412 GC heap after
{Heap after GC invocations=161 (full 0):
 garbage-first heap   total 284672K, used 135621K [0x0000000080000000, 0x0000000100000000)
  region size 1024K, 3 young (3072K), 3 survivors (3072K)
 Metaspace       used 148363K, capacity 152543K, committed 152740K, reserved 1183744K
  class space    used 17720K, capacity 19219K, committed 19328K, reserved 1048576K
}
Event: 11486.465 GC heap before
{Heap before GC invocations=161 (full 0):
 garbage-first heap   total 284672K, used 144837K [0x0000000080000000, 0x0000000100000000)
  region size 1024K, 13 young (13312K), 3 survivors (3072K)
 Metaspace       used 148444K, capacity 152669K, committed 152740K, reserved 1183744K
  class space    used 17729K, capacity 19259K, committed 19328K, reserved 1048576K
}
Event: 11486.470 GC heap after
{Heap after GC invocations=162 (full 0):
 garbage-first heap   total 284672K, used 132853K [0x0000000080000000, 0x0000000100000000)
  region size 1024K, 1 young (1024K), 1 survivors (1024K)
 Metaspace       used 148444K, capacity 152669K, committed 152740K, reserved 1183744K
  class space    used 17729K, capacity 19259K, committed 19328K, reserved 1048576K
}
Event: 11487.420 GC heap before
{Heap before GC invocations=162 (full 0):
 garbage-first heap   total 284672K, used 208629K [0x0000000080000000, 0x0000000100000000)
  region size 1024K, 76 young (77824K), 1 survivors (1024K)
 Metaspace       used 149129K, capacity 153305K, committed 153636K, reserved 1183744K
  class space    used 17809K, capacity 19341K, committed 19456K, reserved 1048576K
}
Event: 11487.436 GC heap after
{Heap after GC invocations=163 (full 0):
 garbage-first heap   total 284672K, used 140366K [0x0000000080000000, 0x0000000100000000)
  region size 1024K, 8 young (8192K), 8 survivors (8192K)
 Metaspace       used 149129K, capacity 153305K, committed 153636K, reserved 1183744K
  class space    used 17809K, capacity 19341K, committed 19456K, reserved 1048576K
}

