# JRE version: OpenJDK Runtime Environment (11.0.10) (build 11.0.10+0-b96-7249189)
# Java VM: OpenJDK 64-Bit Server VM (11.0.10+0-b96-7249189, mixed mode, tiered, compressed oops, g1 gc, windows-amd64)
Heap:
 garbage-first heap   total 196608K, used 154110K [0x0000000080000000, 0x0000000100000000)
  region size 1024K, 88 young (90112K), 9 survivors (9216K)
 Metaspace       used 54447K, capacity 56230K, committed 56316K, reserved 1097728K
  class space    used 6631K, capacity 7213K, committed 7296K, reserved 1048576K
GC Heap History (20 events):
Event: 1.163 GC heap after
{Heap after GC invocations=2 (full 0):
 garbage-first heap   total 196608K, used 9202K [0x0000000080000000, 0x0000000100000000)
  region size 1024K, 1 young (1024K), 1 survivors (1024K)
 Metaspace       used 10842K, capacity 11069K, committed 11264K, reserved 1058816K
  class space    used 1144K, capacity 1203K, committed 1280K, reserved 1048576K
}
Event: 1.591 GC heap before
{Heap before GC invocations=2 (full 0):
 garbage-first heap   total 196608K, used 36850K [0x0000000080000000, 0x0000000100000000)
  region size 1024K, 29 young (29696K), 1 survivors (1024K)
 Metaspace       used 11024K, capacity 11262K, committed 11520K, reserved 1058816K
  class space    used 1145K, capacity 1203K, committed 1280K, reserved 1048576K
}
Event: 1.593 GC heap after
{Heap after GC invocations=3 (full 0):
 garbage-first heap   total 196608K, used 13443K [0x0000000080000000, 0x0000000100000000)
  region size 1024K, 4 young (4096K), 4 survivors (4096K)
 Metaspace       used 11024K, capacity 11262K, committed 11520K, reserved 1058816K
  class space    used 1145K, capacity 1203K, committed 1280K, reserved 1048576K
}
Event: 2.546 GC heap before
{Heap before GC invocations=3 (full 0):
 garbage-first heap   total 196608K, used 55427K [0x0000000080000000, 0x0000000100000000)
  region size 1024K, 45 young (46080K), 4 survivors (4096K)
 Metaspace       used 18777K, capacity 19264K, committed 19328K, reserved 1067008K
  class space    used 2262K, capacity 2405K, committed 2432K, reserved 1048576K
}
Event: 2.551 GC heap after
{Heap after GC invocations=4 (full 0):
 garbage-first heap   total 196608K, used 16213K [0x0000000080000000, 0x0000000100000000)
  region size 1024K, 3 young (3072K), 3 survivors (3072K)
 Metaspace       used 18777K, capacity 19264K, committed 19328K, reserved 1067008K
  class space    used 2262K, capacity 2405K, committed 2432K, reserved 1048576K
}
Event: 2.731 GC heap before
{Heap before GC invocations=4 (full 0):
 garbage-first heap   total 196608K, used 29525K [0x0000000080000000, 0x0000000100000000)
  region size 1024K, 17 young (17408K), 3 survivors (3072K)
 Metaspace       used 20558K, capacity 21123K, committed 21296K, reserved 1069056K
  class space    used 2514K, capacity 2688K, committed 2688K, reserved 1048576K
}
Event: 2.735 GC heap after
{Heap after GC invocations=5 (full 0):
 garbage-first heap   total 196608K, used 16502K [0x0000000080000000, 0x0000000100000000)
  region size 1024K, 4 young (4096K), 4 survivors (4096K)
 Metaspace       used 20558K, capacity 21123K, committed 21296K, reserved 1069056K
  class space    used 2514K, capacity 2688K, committed 2688K, reserved 1048576K
}
Event: 3.531 GC heap before
{Heap before GC invocations=6 (full 0):
 garbage-first heap   total 196608K, used 85110K [0x0000000080000000, 0x0000000100000000)
  region size 1024K, 62 young (63488K), 4 survivors (4096K)
 Metaspace       used 26726K, capacity 27468K, committed 27568K, reserved 1073152K
  class space    used 3501K, capacity 3761K, committed 3840K, reserved 1048576K
}
Event: 3.538 GC heap after
{Heap after GC invocations=7 (full 0):
 garbage-first heap   total 196608K, used 31447K [0x0000000080000000, 0x0000000100000000)
  region size 1024K, 8 young (8192K), 8 survivors (8192K)
 Metaspace       used 26726K, capacity 27468K, committed 27568K, reserved 1073152K
  class space    used 3501K, capacity 3761K, committed 3840K, reserved 1048576K
}
Event: 4.201 GC heap before
{Heap before GC invocations=7 (full 0):
 garbage-first heap   total 196608K, used 76503K [0x0000000080000000, 0x0000000100000000)
  region size 1024K, 53 young (54272K), 8 survivors (8192K)
 Metaspace       used 34815K, capacity 35621K, committed 35708K, reserved 1081344K
  class space    used 4527K, capacity 4843K, committed 4864K, reserved 1048576K
}
Event: 4.209 GC heap after
{Heap after GC invocations=8 (full 0):
 garbage-first heap   total 196608K, used 34128K [0x0000000080000000, 0x0000000100000000)
  region size 1024K, 8 young (8192K), 8 survivors (8192K)
 Metaspace       used 34815K, capacity 35621K, committed 35708K, reserved 1081344K
  class space    used 4527K, capacity 4843K, committed 4864K, reserved 1048576K
}
Event: 5.431 GC heap before
{Heap before GC invocations=9 (full 0):
 garbage-first heap   total 196608K, used 141648K [0x0000000080000000, 0x0000000100000000)
  region size 1024K, 102 young (104448K), 8 survivors (8192K)
 Metaspace       used 43520K, capacity 44701K, committed 44796K, reserved 1087488K
  class space    used 5555K, capacity 5944K, committed 6016K, reserved 1048576K
}
Event: 5.454 GC heap after
{Heap after GC invocations=10 (full 0):
 garbage-first heap   total 196608K, used 50901K [0x0000000080000000, 0x0000000100000000)
  region size 1024K, 11 young (11264K), 11 survivors (11264K)
 Metaspace       used 43520K, capacity 44701K, committed 44796K, reserved 1087488K
  class space    used 5555K, capacity 5944K, committed 6016K, reserved 1048576K
}
Event: 6.660 GC heap before
{Heap before GC invocations=10 (full 0):
 garbage-first heap   total 196608K, used 145109K [0x0000000080000000, 0x0000000100000000)
  region size 1024K, 101 young (103424K), 11 survivors (11264K)
 Metaspace       used 49731K, capacity 51120K, committed 51196K, reserved 1093632K
  class space    used 6296K, capacity 6749K, committed 6784K, reserved 1048576K
}
Event: 6.674 GC heap after
{Heap after GC invocations=11 (full 0):
 garbage-first heap   total 196608K, used 63729K [0x0000000080000000, 0x0000000100000000)
  region size 1024K, 10 young (10240K), 10 survivors (10240K)
 Metaspace       used 49731K, capacity 51120K, committed 51196K, reserved 1093632K
  class space    used 6296K, capacity 6749K, committed 6784K, reserved 1048576K
}
Event: 113.185 GC heap before
{Heap before GC invocations=11 (full 0):
 garbage-first heap   total 196608K, used 145649K [0x0000000080000000, 0x0000000100000000)
  region size 1024K, 91 young (93184K), 10 survivors (10240K)
 Metaspace       used 52791K, capacity 54424K, committed 54524K, reserved 1097728K
  class space    used 6504K, capacity 7035K, committed 7040K, reserved 1048576K
}
Event: 113.195 GC heap after
{Heap after GC invocations=12 (full 0):
 garbage-first heap   total 196608K, used 68608K [0x0000000080000000, 0x0000000100000000)
  region size 1024K, 5 young (5120K), 5 survivors (5120K)
 Metaspace       used 52791K, capacity 54424K, committed 54524K, reserved 1097728K
  class space    used 6504K, capacity 7035K, committed 7040K, reserved 1048576K
}
Event: 245.647 GC heap before
{Heap before GC invocations=12 (full 0):
 garbage-first heap   total 196608K, used 150528K [0x0000000080000000, 0x0000000100000000)
  region size 1024K, 86 young (88064K), 5 survivors (5120K)
 Metaspace       used 53794K, capacity 55544K, committed 55676K, reserved 1097728K
  class space    used 6579K, capacity 7148K, committed 7168K, reserved 1048576K
}
Event: 245.658 GC heap after
{Heap after GC invocations=13 (full 0):
 garbage-first heap   total 196608K, used 73214K [0x0000000080000000, 0x0000000100000000)
  region size 1024K, 10 young (10240K), 10 survivors (10240K)
 Metaspace       used 53794K, capacity 55544K, committed 55676K, reserved 1097728K
  class space    used 6579K, capacity 7148K, committed 7168K, reserved 1048576K
}
Event: 555.222 GC heap before
{Heap before GC invocations=13 (full 0):
 garbage-first heap   total 196608K, used 153086K [0x0000000080000000, 0x0000000100000000)
  region size 1024K, 89 young (91136K), 10 survivors (10240K)
 Metaspace       used 54447K, capacity 56230K, committed 56316K, reserved 1097728K
  class space    used 6631K, capacity 7213K, committed 7296K, reserved 1048576K
}

