# JRE version: OpenJDK Runtime Environment (11.0.10) (build 11.0.10+0-b96-7249189)
# Java VM: OpenJDK 64-Bit Server VM (11.0.10+0-b96-7249189, mixed mode, tiered, compressed oops, g1 gc, windows-amd64)
Heap:
 garbage-first heap   total 236544K, used 104537K [0x0000000080000000, 0x0000000100000000)
  region size 1024K, 28 young (28672K), 2 survivors (2048K)
 Metaspace       used 71401K, capacity 73246K, committed 73344K, reserved 1112064K
  class space    used 9209K, capacity 9799K, committed 9856K, reserved 1048576K
GC Heap History (20 events):
Event: 0.860 GC heap after
{Heap after GC invocations=2 (full 0):
 garbage-first heap   total 196608K, used 8686K [0x0000000080000000, 0x0000000100000000)
  region size 1024K, 1 young (1024K), 1 survivors (1024K)
 Metaspace       used 10881K, capacity 11130K, committed 11264K, reserved 1058816K
  class space    used 1144K, capacity 1203K, committed 1280K, reserved 1048576K
}
Event: 1.124 GC heap before
{Heap before GC invocations=2 (full 0):
 garbage-first heap   total 196608K, used 38382K [0x0000000080000000, 0x0000000100000000)
  region size 1024K, 30 young (30720K), 1 survivors (1024K)
 Metaspace       used 11031K, capacity 11322K, committed 11520K, reserved 1058816K
  class space    used 1146K, capacity 1203K, committed 1280K, reserved 1048576K
}
Event: 1.127 GC heap after
{Heap after GC invocations=3 (full 0):
 garbage-first heap   total 196608K, used 13139K [0x0000000080000000, 0x0000000100000000)
  region size 1024K, 4 young (4096K), 4 survivors (4096K)
 Metaspace       used 11031K, capacity 11322K, committed 11520K, reserved 1058816K
  class space    used 1146K, capacity 1203K, committed 1280K, reserved 1048576K
}
Event: 1.981 GC heap before
{Heap before GC invocations=3 (full 0):
 garbage-first heap   total 196608K, used 56147K [0x0000000080000000, 0x0000000100000000)
  region size 1024K, 46 young (47104K), 4 survivors (4096K)
 Metaspace       used 19130K, capacity 19647K, committed 19968K, reserved 1067008K
  class space    used 2324K, capacity 2470K, committed 2560K, reserved 1048576K
}
Event: 1.986 GC heap after
{Heap after GC invocations=4 (full 0):
 garbage-first heap   total 196608K, used 16140K [0x0000000080000000, 0x0000000100000000)
  region size 1024K, 3 young (3072K), 3 survivors (3072K)
 Metaspace       used 19130K, capacity 19647K, committed 19968K, reserved 1067008K
  class space    used 2324K, capacity 2470K, committed 2560K, reserved 1048576K
}
Event: 2.110 GC heap before
{Heap before GC invocations=4 (full 0):
 garbage-first heap   total 196608K, used 26380K [0x0000000080000000, 0x0000000100000000)
  region size 1024K, 14 young (14336K), 3 survivors (3072K)
 Metaspace       used 20648K, capacity 21158K, committed 21296K, reserved 1069056K
  class space    used 2533K, capacity 2723K, committed 2816K, reserved 1048576K
}
Event: 2.113 GC heap after
{Heap after GC invocations=5 (full 0):
 garbage-first heap   total 196608K, used 16685K [0x0000000080000000, 0x0000000100000000)
  region size 1024K, 4 young (4096K), 4 survivors (4096K)
 Metaspace       used 20648K, capacity 21158K, committed 21296K, reserved 1069056K
  class space    used 2533K, capacity 2723K, committed 2816K, reserved 1048576K
}
Event: 2.857 GC heap before
{Heap before GC invocations=6 (full 0):
 garbage-first heap   total 196608K, used 84269K [0x0000000080000000, 0x0000000100000000)
  region size 1024K, 61 young (62464K), 4 survivors (4096K)
 Metaspace       used 26714K, capacity 27495K, committed 27648K, reserved 1073152K
  class space    used 3504K, capacity 3792K, committed 3840K, reserved 1048576K
}
Event: 2.866 GC heap after
{Heap after GC invocations=7 (full 0):
 garbage-first heap   total 196608K, used 31670K [0x0000000080000000, 0x0000000100000000)
  region size 1024K, 8 young (8192K), 8 survivors (8192K)
 Metaspace       used 26714K, capacity 27495K, committed 27648K, reserved 1073152K
  class space    used 3504K, capacity 3792K, committed 3840K, reserved 1048576K
}
Event: 3.524 GC heap before
{Heap before GC invocations=7 (full 0):
 garbage-first heap   total 196608K, used 77750K [0x0000000080000000, 0x0000000100000000)
  region size 1024K, 54 young (55296K), 8 survivors (8192K)
 Metaspace       used 35031K, capacity 35808K, committed 35840K, reserved 1081344K
  class space    used 4556K, capacity 4842K, committed 4864K, reserved 1048576K
}
Event: 3.533 GC heap after
{Heap after GC invocations=8 (full 0):
 garbage-first heap   total 196608K, used 34549K [0x0000000080000000, 0x0000000100000000)
  region size 1024K, 9 young (9216K), 9 survivors (9216K)
 Metaspace       used 35031K, capacity 35808K, committed 35840K, reserved 1081344K
  class space    used 4556K, capacity 4842K, committed 4864K, reserved 1048576K
}
Event: 4.572 GC heap before
{Heap before GC invocations=9 (full 0):
 garbage-first heap   total 196608K, used 125685K [0x0000000080000000, 0x0000000100000000)
  region size 1024K, 87 young (89088K), 9 survivors (9216K)
 Metaspace       used 42469K, capacity 43614K, committed 43776K, reserved 1087488K
  class space    used 5397K, capacity 5772K, committed 5888K, reserved 1048576K
}
Event: 4.588 GC heap after
{Heap after GC invocations=10 (full 0):
 garbage-first heap   total 196608K, used 49925K [0x0000000080000000, 0x0000000100000000)
  region size 1024K, 11 young (11264K), 11 survivors (11264K)
 Metaspace       used 42469K, capacity 43614K, committed 43776K, reserved 1087488K
  class space    used 5397K, capacity 5772K, committed 5888K, reserved 1048576K
}
Event: 5.562 GC heap before
{Heap before GC invocations=11 (full 0):
 garbage-first heap   total 196608K, used 141061K [0x0000000080000000, 0x0000000100000000)
  region size 1024K, 97 young (99328K), 11 survivors (11264K)
 Metaspace       used 46885K, capacity 48283K, committed 48512K, reserved 1091584K
  class space    used 6014K, capacity 6469K, committed 6528K, reserved 1048576K
}
Event: 5.577 GC heap after
{Heap after GC invocations=12 (full 0):
 garbage-first heap   total 236544K, used 61381K [0x0000000080000000, 0x0000000100000000)
  region size 1024K, 13 young (13312K), 13 survivors (13312K)
 Metaspace       used 46885K, capacity 48283K, committed 48512K, reserved 1091584K
  class space    used 6014K, capacity 6469K, committed 6528K, reserved 1048576K
}
Event: 7.572 GC heap before
{Heap before GC invocations=12 (full 0):
 garbage-first heap   total 236544K, used 172997K [0x0000000080000000, 0x0000000100000000)
  region size 1024K, 123 young (125952K), 13 survivors (13312K)
 Metaspace       used 62100K, capacity 63744K, committed 64000K, reserved 1105920K
  class space    used 7848K, capacity 8392K, committed 8448K, reserved 1048576K
}
Event: 7.588 GC heap after
{Heap after GC invocations=13 (full 0):
 garbage-first heap   total 236544K, used 68608K [0x0000000080000000, 0x0000000100000000)
  region size 1024K, 14 young (14336K), 14 survivors (14336K)
 Metaspace       used 62100K, capacity 63744K, committed 64000K, reserved 1105920K
  class space    used 7848K, capacity 8392K, committed 8448K, reserved 1048576K
}
Event: 9.296 GC heap before
{Heap before GC invocations=13 (full 0):
 garbage-first heap   total 236544K, used 176128K [0x0000000080000000, 0x0000000100000000)
  region size 1024K, 119 young (121856K), 14 survivors (14336K)
 Metaspace       used 70087K, capacity 71886K, committed 72192K, reserved 1112064K
  class space    used 9005K, capacity 9619K, committed 9728K, reserved 1048576K
}
Event: 9.318 GC heap after
{Heap after GC invocations=14 (full 0):
 garbage-first heap   total 236544K, used 77913K [0x0000000080000000, 0x0000000100000000)
  region size 1024K, 15 young (15360K), 15 survivors (15360K)
 Metaspace       used 70087K, capacity 71886K, committed 72192K, reserved 1112064K
  class space    used 9005K, capacity 9619K, committed 9728K, reserved 1048576K
}
Event: 9.580 GC heap before
{Heap before GC invocations=14 (full 0):
 garbage-first heap   total 236544K, used 103513K [0x0000000080000000, 0x0000000100000000)
  region size 1024K, 41 young (41984K), 15 survivors (15360K)
 Metaspace       used 71401K, capacity 73246K, committed 73344K, reserved 1112064K
  class space    used 9209K, capacity 9799K, committed 9856K, reserved 1048576K
}

